<?xml version="1.0" encoding="UTF-8"?>
<coverage generated="1594861699314" clover="3.2.0">
  <project timestamp="1594861699315" name="All files">
    <metrics statements="24" coveredstatements="13" conditionals="2" coveredconditionals="2" methods="24" coveredmethods="11" elements="50" coveredelements="26" complexity="0" loc="24" ncloc="24" packages="1" files="1" classes="1"/>
    <file name="db.js" path="C:\Users\gabri\Desktop\api2\src\db.js">
      <metrics statements="24" coveredstatements="13" conditionals="2" coveredconditionals="2" methods="24" coveredmethods="11"/>
      <line num="3" count="0" type="stmt"/>
      <line num="6" count="0" type="stmt"/>
      <line num="10" count="0" type="stmt"/>
      <line num="11" count="0" type="stmt"/>
      <line num="15" count="0" type="stmt"/>
      <line num="19" count="0" type="stmt"/>
      <line num="23" count="0" type="stmt"/>
      <line num="24" count="0" type="stmt"/>
      <line num="28" count="0" type="stmt"/>
      <line num="29" count="0" type="stmt"/>
      <line num="33" count="0" type="stmt"/>
      <line num="37" count="1" type="stmt"/>
      <line num="38" count="8" type="stmt"/>
      <line num="39" count="8" type="stmt"/>
      <line num="41" count="8" type="stmt"/>
      <line num="42" count="4" type="stmt"/>
      <line num="43" count="2" type="stmt"/>
      <line num="45" count="6" type="stmt"/>
      <line num="48" count="1" type="stmt"/>
      <line num="49" count="1" type="stmt"/>
      <line num="53" count="1" type="stmt"/>
      <line num="56" count="2" type="stmt"/>
      <line num="57" count="2" type="cond" truecount="2" falsecount="0"/>
      <line num="59" count="2" type="stmt"/>
    </file>
  </project>
</coverage>
