{"C:\\Users\\gabri\\Desktop\\api2\\src\\db.js": {"path":"C:\\Users\\gabri\\Desktop\\api2\\src\\db.js","statementMap":{"0":{"start":{"line":3,"column":4},"end":{"line":3,"column":19}},"1":{"start":{"line":6,"column":4},"end":{"line":6,"column":37}},"2":{"start":{"line":10,"column":18},"end":{"line":10,"column":63}},"3":{"start":{"line":10,"column":46},"end":{"line":10,"column":62}},"4":{"start":{"line":11,"column":4},"end":{"line":11,"column":28}},"5":{"start":{"line":15,"column":4},"end":{"line":15,"column":59}},"6":{"start":{"line":15,"column":41},"end":{"line":15,"column":57}},"7":{"start":{"line":19,"column":4},"end":{"line":19,"column":26}},"8":{"start":{"line":23,"column":17},"end":{"line":23,"column":57}},"9":{"start":{"line":23,"column":40},"end":{"line":23,"column":56}},"10":{"start":{"line":24,"column":4},"end":{"line":24,"column":16}},"11":{"start":{"line":28,"column":17},"end":{"line":28,"column":57}},"12":{"start":{"line":28,"column":40},"end":{"line":28,"column":56}},"13":{"start":{"line":29,"column":4},"end":{"line":29,"column":22}},"14":{"start":{"line":33,"column":4},"end":{"line":33,"column":62}},"15":{"start":{"line":33,"column":39},"end":{"line":33,"column":55}},"16":{"start":{"line":37,"column":0},"end":{"line":61,"column":1}},"17":{"start":{"line":38,"column":13},"end":{"line":38,"column":15}},"18":{"start":{"line":39,"column":16},"end":{"line":39,"column":47}},"19":{"start":{"line":39,"column":23},"end":{"line":39,"column":47}},"20":{"start":{"line":39,"column":31},"end":{"line":39,"column":47}},"21":{"start":{"line":41,"column":2},"end":{"line":60,"column":3}},"22":{"start":{"line":42,"column":20},"end":{"line":42,"column":29}},"23":{"start":{"line":43,"column":22},"end":{"line":43,"column":43}},"24":{"start":{"line":45,"column":19},"end":{"line":45,"column":41}},"25":{"start":{"line":48,"column":20},"end":{"line":48,"column":46}},"26":{"start":{"line":49,"column":6},"end":{"line":49,"column":25}},"27":{"start":{"line":53,"column":6},"end":{"line":53,"column":51}},"28":{"start":{"line":53,"column":33},"end":{"line":53,"column":49}},"29":{"start":{"line":56,"column":19},"end":{"line":56,"column":40}},"30":{"start":{"line":57,"column":6},"end":{"line":57,"column":43}},"31":{"start":{"line":59,"column":23},"end":{"line":59,"column":54}}},"fnMap":{"0":{"name":"(anonymous_0)","decl":{"start":{"line":2,"column":2},"end":{"line":2,"column":3}},"loc":{"start":{"line":2,"column":16},"end":{"line":4,"column":3}},"line":2},"1":{"name":"(anonymous_1)","decl":{"start":{"line":5,"column":2},"end":{"line":5,"column":3}},"loc":{"start":{"line":5,"column":12},"end":{"line":7,"column":3}},"line":5},"2":{"name":"(anonymous_2)","decl":{"start":{"line":9,"column":2},"end":{"line":9,"column":3}},"loc":{"start":{"line":9,"column":19},"end":{"line":12,"column":3}},"line":9},"3":{"name":"(anonymous_3)","decl":{"start":{"line":10,"column":38},"end":{"line":10,"column":39}},"loc":{"start":{"line":10,"column":46},"end":{"line":10,"column":62}},"line":10},"4":{"name":"(anonymous_4)","decl":{"start":{"line":14,"column":2},"end":{"line":14,"column":3}},"loc":{"start":{"line":14,"column":14},"end":{"line":16,"column":3}},"line":14},"5":{"name":"(anonymous_5)","decl":{"start":{"line":15,"column":33},"end":{"line":15,"column":34}},"loc":{"start":{"line":15,"column":41},"end":{"line":15,"column":57}},"line":15},"6":{"name":"(anonymous_6)","decl":{"start":{"line":18,"column":2},"end":{"line":18,"column":3}},"loc":{"start":{"line":18,"column":13},"end":{"line":20,"column":3}},"line":18},"7":{"name":"(anonymous_7)","decl":{"start":{"line":22,"column":2},"end":{"line":22,"column":3}},"loc":{"start":{"line":22,"column":15},"end":{"line":25,"column":3}},"line":22},"8":{"name":"(anonymous_8)","decl":{"start":{"line":23,"column":32},"end":{"line":23,"column":33}},"loc":{"start":{"line":23,"column":40},"end":{"line":23,"column":56}},"line":23},"9":{"name":"(anonymous_9)","decl":{"start":{"line":27,"column":2},"end":{"line":27,"column":3}},"loc":{"start":{"line":27,"column":16},"end":{"line":30,"column":3}},"line":27},"10":{"name":"(anonymous_10)","decl":{"start":{"line":28,"column":32},"end":{"line":28,"column":33}},"loc":{"start":{"line":28,"column":40},"end":{"line":28,"column":56}},"line":28},"11":{"name":"(anonymous_11)","decl":{"start":{"line":32,"column":2},"end":{"line":32,"column":3}},"loc":{"start":{"line":32,"column":16},"end":{"line":34,"column":3}},"line":32},"12":{"name":"(anonymous_12)","decl":{"start":{"line":33,"column":31},"end":{"line":33,"column":32}},"loc":{"start":{"line":33,"column":39},"end":{"line":33,"column":55}},"line":33},"13":{"name":"DBFactory","decl":{"start":{"line":37,"column":26},"end":{"line":37,"column":35}},"loc":{"start":{"line":37,"column":38},"end":{"line":61,"column":1}},"line":37},"14":{"name":"(anonymous_14)","decl":{"start":{"line":39,"column":16},"end":{"line":39,"column":17}},"loc":{"start":{"line":39,"column":23},"end":{"line":39,"column":47}},"line":39},"15":{"name":"(anonymous_15)","decl":{"start":{"line":39,"column":23},"end":{"line":39,"column":24}},"loc":{"start":{"line":39,"column":31},"end":{"line":39,"column":47}},"line":39},"16":{"name":"(anonymous_16)","decl":{"start":{"line":42,"column":14},"end":{"line":42,"column":15}},"loc":{"start":{"line":42,"column":20},"end":{"line":42,"column":29}},"line":42},"17":{"name":"(anonymous_17)","decl":{"start":{"line":43,"column":13},"end":{"line":43,"column":14}},"loc":{"start":{"line":43,"column":22},"end":{"line":43,"column":43}},"line":43},"18":{"name":"(anonymous_18)","decl":{"start":{"line":45,"column":9},"end":{"line":45,"column":10}},"loc":{"start":{"line":45,"column":19},"end":{"line":45,"column":41}},"line":45},"19":{"name":"(anonymous_19)","decl":{"start":{"line":47,"column":11},"end":{"line":47,"column":12}},"loc":{"start":{"line":47,"column":26},"end":{"line":50,"column":5}},"line":47},"20":{"name":"(anonymous_20)","decl":{"start":{"line":52,"column":12},"end":{"line":52,"column":13}},"loc":{"start":{"line":52,"column":21},"end":{"line":54,"column":5}},"line":52},"21":{"name":"(anonymous_21)","decl":{"start":{"line":53,"column":25},"end":{"line":53,"column":26}},"loc":{"start":{"line":53,"column":33},"end":{"line":53,"column":49}},"line":53},"22":{"name":"(anonymous_22)","decl":{"start":{"line":55,"column":14},"end":{"line":55,"column":15}},"loc":{"start":{"line":55,"column":23},"end":{"line":58,"column":5}},"line":55},"23":{"name":"(anonymous_23)","decl":{"start":{"line":59,"column":14},"end":{"line":59,"column":15}},"loc":{"start":{"line":59,"column":23},"end":{"line":59,"column":54}},"line":59}},"branchMap":{"0":{"loc":{"start":{"line":57,"column":13},"end":{"line":57,"column":42}},"type":"cond-expr","locations":[{"start":{"line":57,"column":20},"end":{"line":57,"column":30}},{"start":{"line":57,"column":33},"end":{"line":57,"column":42}}],"line":57}},"s":{"0":0,"1":0,"2":0,"3":0,"4":0,"5":0,"6":0,"7":0,"8":0,"9":0,"10":0,"11":0,"12":0,"13":0,"14":0,"15":0,"16":1,"17":8,"18":8,"19":7,"20":5,"21":8,"22":4,"23":2,"24":6,"25":1,"26":1,"27":1,"28":1,"29":2,"30":2,"31":2},"f":{"0":0,"1":0,"2":0,"3":0,"4":0,"5":0,"6":0,"7":0,"8":0,"9":0,"10":0,"11":0,"12":0,"13":8,"14":7,"15":5,"16":4,"17":2,"18":6,"19":1,"20":1,"21":1,"22":2,"23":2},"b":{"0":[1,1]},"_coverageSchema":"1a1c01bbd47fc00a2c39e90264f33305004495a9","hash":"01013a326a91048db58e916a5fa8a5520ddb4f4e"}
}
